<?xml version="1.0" encoding="UTF-8"?>
<testsuite xmlns:xsi="http://www.w3.org/2001/XMLSchema-instance" xsi:noNamespaceSchemaLocation="https://maven.apache.org/surefire/maven-surefire-plugin/xsd/surefire-test-report-3.0.xsd" version="3.0" name="com.example.SocketToCsvTest" time="1.734" tests="1" errors="0" skipped="0" failures="1">
  <properties>
    <property name="java.specification.version" value="17"/>
    <property name="sun.jnu.encoding" value="UTF-8"/>
    <property name="java.class.path" value="/home/patrick/Documents/projects/flink/flink-example/target/test-classes:/home/patrick/Documents/projects/flink/flink-example/target/classes:/home/patrick/.m2/repository/org/apache/flink/flink-streaming-java/1.20.1/flink-streaming-java-1.20.1.jar:/home/patrick/.m2/repository/org/apache/flink/flink-core/1.20.1/flink-core-1.20.1.jar:/home/patrick/.m2/repository/org/apache/flink/flink-core-api/1.20.1/flink-core-api-1.20.1.jar:/home/patrick/.m2/repository/org/apache/flink/flink-metrics-core/1.20.1/flink-metrics-core-1.20.1.jar:/home/patrick/.m2/repository/org/apache/flink/flink-annotations/1.20.1/flink-annotations-1.20.1.jar:/home/patrick/.m2/repository/org/apache/flink/flink-shaded-asm-9/9.5-17.0/flink-shaded-asm-9-9.5-17.0.jar:/home/patrick/.m2/repository/org/apache/flink/flink-shaded-jackson/2.14.2-17.0/flink-shaded-jackson-2.14.2-17.0.jar:/home/patrick/.m2/repository/org/apache/commons/commons-lang3/3.12.0/commons-lang3-3.12.0.jar:/home/patrick/.m2/repository/org/snakeyaml/snakeyaml-engine/2.6/snakeyaml-engine-2.6.jar:/home/patrick/.m2/repository/org/apache/commons/commons-text/1.10.0/commons-text-1.10.0.jar:/home/patrick/.m2/repository/com/esotericsoftware/kryo/kryo/2.24.0/kryo-2.24.0.jar:/home/patrick/.m2/repository/com/esotericsoftware/minlog/minlog/1.2/minlog-1.2.jar:/home/patrick/.m2/repository/org/objenesis/objenesis/2.1/objenesis-2.1.jar:/home/patrick/.m2/repository/commons-collections/commons-collections/3.2.2/commons-collections-3.2.2.jar:/home/patrick/.m2/repository/org/apache/commons/commons-compress/1.26.0/commons-compress-1.26.0.jar:/home/patrick/.m2/repository/org/apache/flink/flink-file-sink-common/1.20.1/flink-file-sink-common-1.20.1.jar:/home/patrick/.m2/repository/org/apache/flink/flink-runtime/1.20.1/flink-runtime-1.20.1.jar:/home/patrick/.m2/repository/org/apache/flink/flink-rpc-core/1.20.1/flink-rpc-core-1.20.1.jar:/home/patrick/.m2/repository/org/apache/flink/flink-rpc-akka-loader/1.20.1/flink-rpc-akka-loader-1.20.1.jar:/home/patrick/.m2/repository/org/apache/flink/flink-queryable-state-client-java/1.20.1/flink-queryable-state-client-java-1.20.1.jar:/home/patrick/.m2/repository/org/apache/flink/flink-hadoop-fs/1.20.1/flink-hadoop-fs-1.20.1.jar:/home/patrick/.m2/repository/commons-io/commons-io/2.15.1/commons-io-2.15.1.jar:/home/patrick/.m2/repository/org/apache/flink/flink-shaded-netty/4.1.91.Final-17.0/flink-shaded-netty-4.1.91.Final-17.0.jar:/home/patrick/.m2/repository/org/apache/flink/flink-shaded-zookeeper-3/3.7.1-17.0/flink-shaded-zookeeper-3-3.7.1-17.0.jar:/home/patrick/.m2/repository/commons-cli/commons-cli/1.5.0/commons-cli-1.5.0.jar:/home/patrick/.m2/repository/org/javassist/javassist/3.24.0-GA/javassist-3.24.0-GA.jar:/home/patrick/.m2/repository/org/xerial/snappy/snappy-java/1.1.10.4/snappy-java-1.1.10.4.jar:/home/patrick/.m2/repository/tools/profiler/async-profiler/2.9/async-profiler-2.9.jar:/home/patrick/.m2/repository/org/lz4/lz4-java/1.8.0/lz4-java-1.8.0.jar:/home/patrick/.m2/repository/org/apache/flink/flink-java/1.20.1/flink-java-1.20.1.jar:/home/patrick/.m2/repository/com/twitter/chill-java/0.7.6/chill-java-0.7.6.jar:/home/patrick/.m2/repository/org/apache/flink/flink-shaded-guava/31.1-jre-17.0/flink-shaded-guava-31.1-jre-17.0.jar:/home/patrick/.m2/repository/org/apache/commons/commons-math3/3.6.1/commons-math3-3.6.1.jar:/home/patrick/.m2/repository/org/apache/flink/flink-connector-datagen/1.20.1/flink-connector-datagen-1.20.1.jar:/home/patrick/.m2/repository/org/slf4j/slf4j-api/1.7.36/slf4j-api-1.7.36.jar:/home/patrick/.m2/repository/com/google/code/findbugs/jsr305/1.3.9/jsr305-1.3.9.jar:/home/patrick/.m2/repository/org/apache/flink/flink-connector-files/1.20.1/flink-connector-files-1.20.1.jar:/home/patrick/.m2/repository/org/apache/flink/flink-table-api-java/1.20.1/flink-table-api-java-1.20.1.jar:/home/patrick/.m2/repository/org/apache/flink/flink-table-common/1.20.1/flink-table-common-1.20.1.jar:/home/patrick/.m2/repository/com/ibm/icu/icu4j/67.1/icu4j-67.1.jar:/home/patrick/.m2/repository/org/apache/flink/flink-table-api-bridge-base/1.20.1/flink-table-api-bridge-base-1.20.1.jar:/home/patrick/.m2/repository/org/apache/flink/flink-test-utils/1.20.1/flink-test-utils-1.20.1.jar:/home/patrick/.m2/repository/org/apache/flink/flink-test-utils-junit/1.20.1/flink-test-utils-junit-1.20.1.jar:/home/patrick/.m2/repository/org/junit/vintage/junit-vintage-engine/5.10.1/junit-vintage-engine-5.10.1.jar:/home/patrick/.m2/repository/junit/junit/4.13.2/junit-4.13.2.jar:/home/patrick/.m2/repository/org/hamcrest/hamcrest-core/1.3/hamcrest-core-1.3.jar:/home/patrick/.m2/repository/org/apache/logging/log4j/log4j-slf4j-impl/2.17.1/log4j-slf4j-impl-2.17.1.jar:/home/patrick/.m2/repository/org/apache/logging/log4j/log4j-api/2.17.1/log4j-api-2.17.1.jar:/home/patrick/.m2/repository/org/apache/logging/log4j/log4j-core/2.17.1/log4j-core-2.17.1.jar:/home/patrick/.m2/repository/org/testcontainers/testcontainers/1.19.1/testcontainers-1.19.1.jar:/home/patrick/.m2/repository/org/rnorth/duct-tape/duct-tape/1.0.8/duct-tape-1.0.8.jar:/home/patrick/.m2/repository/org/jetbrains/annotations/17.0.0/annotations-17.0.0.jar:/home/patrick/.m2/repository/com/github/docker-java/docker-java-api/3.3.3/docker-java-api-3.3.3.jar:/home/patrick/.m2/repository/com/fasterxml/jackson/core/jackson-annotations/2.10.3/jackson-annotations-2.10.3.jar:/home/patrick/.m2/repository/com/github/docker-java/docker-java-transport-zerodep/3.3.3/docker-java-transport-zerodep-3.3.3.jar:/home/patrick/.m2/repository/com/github/docker-java/docker-java-transport/3.3.3/docker-java-transport-3.3.3.jar:/home/patrick/.m2/repository/net/java/dev/jna/jna/5.12.1/jna-5.12.1.jar:/home/patrick/.m2/repository/org/apache/flink/flink-runtime/1.20.1/flink-runtime-1.20.1-tests.jar:/home/patrick/.m2/repository/org/apache/flink/flink-core/1.20.1/flink-core-1.20.1-tests.jar:/home/patrick/.m2/repository/org/apache/flink/flink-rpc-akka-loader/1.20.1/flink-rpc-akka-loader-1.20.1-tests.jar:/home/patrick/.m2/repository/org/apache/flink/flink-clients/1.20.1/flink-clients-1.20.1.jar:/home/patrick/.m2/repository/org/apache/flink/flink-optimizer/1.20.1/flink-optimizer-1.20.1.jar:/home/patrick/.m2/repository/org/apache/flink/flink-datastream/1.20.1/flink-datastream-1.20.1.jar:/home/patrick/.m2/repository/org/apache/flink/flink-datastream-api/1.20.1/flink-datastream-api-1.20.1.jar:/home/patrick/.m2/repository/org/junit/jupiter/junit-jupiter/5.10.1/junit-jupiter-5.10.1.jar:/home/patrick/.m2/repository/org/junit/jupiter/junit-jupiter-params/5.10.1/junit-jupiter-params-5.10.1.jar:/home/patrick/.m2/repository/org/assertj/assertj-core/3.23.1/assertj-core-3.23.1.jar:/home/patrick/.m2/repository/net/bytebuddy/byte-buddy/1.12.10/byte-buddy-1.12.10.jar:/home/patrick/.m2/repository/org/apache/flink/flink-streaming-java/1.20.1/flink-streaming-java-1.20.1-tests.jar:/home/patrick/.m2/repository/org/apache/flink/flink-statebackend-rocksdb/1.20.1/flink-statebackend-rocksdb-1.20.1.jar:/home/patrick/.m2/repository/com/ververica/frocksdbjni/6.20.3-ververica-2.0/frocksdbjni-6.20.3-ververica-2.0.jar:/home/patrick/.m2/repository/org/apache/flink/flink-statebackend-changelog/1.20.1/flink-statebackend-changelog-1.20.1.jar:/home/patrick/.m2/repository/org/apache/flink/flink-statebackend-common/1.20.1/flink-statebackend-common-1.20.1.jar:/home/patrick/.m2/repository/org/apache/flink/flink-dstl-dfs/1.20.1/flink-dstl-dfs-1.20.1.jar:/home/patrick/.m2/repository/org/apache/curator/curator-test/5.4.0/curator-test-5.4.0.jar:/home/patrick/.m2/repository/org/apache/zookeeper/zookeeper/3.7.1/zookeeper-3.7.1.jar:/home/patrick/.m2/repository/org/apache/zookeeper/zookeeper-jute/3.7.1/zookeeper-jute-3.7.1.jar:/home/patrick/.m2/repository/org/apache/yetus/audience-annotations/0.12.0/audience-annotations-0.12.0.jar:/home/patrick/.m2/repository/io/netty/netty-handler/4.1.76.Final/netty-handler-4.1.76.Final.jar:/home/patrick/.m2/repository/io/netty/netty-common/4.1.76.Final/netty-common-4.1.76.Final.jar:/home/patrick/.m2/repository/io/netty/netty-resolver/4.1.76.Final/netty-resolver-4.1.76.Final.jar:/home/patrick/.m2/repository/io/netty/netty-buffer/4.1.76.Final/netty-buffer-4.1.76.Final.jar:/home/patrick/.m2/repository/io/netty/netty-transport/4.1.76.Final/netty-transport-4.1.76.Final.jar:/home/patrick/.m2/repository/io/netty/netty-codec/4.1.76.Final/netty-codec-4.1.76.Final.jar:/home/patrick/.m2/repository/io/netty/netty-transport-native-epoll/4.1.76.Final/netty-transport-native-epoll-4.1.76.Final.jar:/home/patrick/.m2/repository/io/netty/netty-transport-native-unix-common/4.1.76.Final/netty-transport-native-unix-common-4.1.76.Final.jar:/home/patrick/.m2/repository/io/netty/netty-transport-classes-epoll/4.1.76.Final/netty-transport-classes-epoll-4.1.76.Final.jar:/home/patrick/.m2/repository/io/dropwizard/metrics/metrics-core/3.2.5/metrics-core-3.2.5.jar:/home/patrick/.m2/repository/com/google/guava/guava/31.1-jre/guava-31.1-jre.jar:/home/patrick/.m2/repository/com/google/guava/failureaccess/1.0.1/failureaccess-1.0.1.jar:/home/patrick/.m2/repository/com/google/guava/listenablefuture/9999.0-empty-to-avoid-conflict-with-guava/listenablefuture-9999.0-empty-to-avoid-conflict-with-guava.jar:/home/patrick/.m2/repository/org/checkerframework/checker-qual/3.12.0/checker-qual-3.12.0.jar:/home/patrick/.m2/repository/com/google/errorprone/error_prone_annotations/2.11.0/error_prone_annotations-2.11.0.jar:/home/patrick/.m2/repository/com/google/j2objc/j2objc-annotations/1.3/j2objc-annotations-1.3.jar:/home/patrick/.m2/repository/org/apache/flink/flink-table-test-utils/1.20.1/flink-table-test-utils-1.20.1.jar:/home/patrick/.m2/repository/org/apache/flink/flink-table-api-java-bridge/1.20.1/flink-table-api-java-bridge-1.20.1.jar:/home/patrick/.m2/repository/org/apache/flink/flink-table-runtime/1.20.1/flink-table-runtime-1.20.1.jar:/home/patrick/.m2/repository/org/apache/flink/flink-cep/1.20.1/flink-cep-1.20.1.jar:/home/patrick/.m2/repository/org/apache/flink/flink-table-planner-loader/1.20.1/flink-table-planner-loader-1.20.1.jar:/home/patrick/.m2/repository/org/junit/jupiter/junit-jupiter-api/5.9.2/junit-jupiter-api-5.9.2.jar:/home/patrick/.m2/repository/org/opentest4j/opentest4j/1.2.0/opentest4j-1.2.0.jar:/home/patrick/.m2/repository/org/junit/platform/junit-platform-commons/1.9.2/junit-platform-commons-1.9.2.jar:/home/patrick/.m2/repository/org/apiguardian/apiguardian-api/1.1.2/apiguardian-api-1.1.2.jar:/home/patrick/.m2/repository/org/junit/jupiter/junit-jupiter-engine/5.9.2/junit-jupiter-engine-5.9.2.jar:/home/patrick/.m2/repository/org/junit/platform/junit-platform-engine/1.9.2/junit-platform-engine-1.9.2.jar:/home/patrick/.m2/repository/io/github/cdimascio/dotenv-java/3.2.0/dotenv-java-3.2.0.jar:"/>
    <property name="java.vm.vendor" value="Debian"/>
    <property name="sun.arch.data.model" value="64"/>
    <property name="java.vendor.url" value="https://tracker.debian.org/openjdk-17"/>
    <property name="user.timezone" value="America/Lima"/>
    <property name="os.name" value="Linux"/>
    <property name="java.vm.specification.version" value="17"/>
    <property name="sun.java.launcher" value="SUN_STANDARD"/>
    <property name="user.country" value="US"/>
    <property name="sun.boot.library.path" value="/usr/lib/jvm/java-17-openjdk-amd64/lib"/>
    <property name="sun.java.command" value="/home/patrick/Documents/projects/flink/flink-example/target/surefire/surefirebooter-20250317172332237_3.jar /home/patrick/Documents/projects/flink/flink-example/target/surefire 2025-03-17T17-23-32_091-jvmRun1 surefire-20250317172332237_1tmp surefire_0-20250317172332237_2tmp"/>
    <property name="jdk.debug" value="release"/>
    <property name="surefire.test.class.path" value="/home/patrick/Documents/projects/flink/flink-example/target/test-classes:/home/patrick/Documents/projects/flink/flink-example/target/classes:/home/patrick/.m2/repository/org/apache/flink/flink-streaming-java/1.20.1/flink-streaming-java-1.20.1.jar:/home/patrick/.m2/repository/org/apache/flink/flink-core/1.20.1/flink-core-1.20.1.jar:/home/patrick/.m2/repository/org/apache/flink/flink-core-api/1.20.1/flink-core-api-1.20.1.jar:/home/patrick/.m2/repository/org/apache/flink/flink-metrics-core/1.20.1/flink-metrics-core-1.20.1.jar:/home/patrick/.m2/repository/org/apache/flink/flink-annotations/1.20.1/flink-annotations-1.20.1.jar:/home/patrick/.m2/repository/org/apache/flink/flink-shaded-asm-9/9.5-17.0/flink-shaded-asm-9-9.5-17.0.jar:/home/patrick/.m2/repository/org/apache/flink/flink-shaded-jackson/2.14.2-17.0/flink-shaded-jackson-2.14.2-17.0.jar:/home/patrick/.m2/repository/org/apache/commons/commons-lang3/3.12.0/commons-lang3-3.12.0.jar:/home/patrick/.m2/repository/org/snakeyaml/snakeyaml-engine/2.6/snakeyaml-engine-2.6.jar:/home/patrick/.m2/repository/org/apache/commons/commons-text/1.10.0/commons-text-1.10.0.jar:/home/patrick/.m2/repository/com/esotericsoftware/kryo/kryo/2.24.0/kryo-2.24.0.jar:/home/patrick/.m2/repository/com/esotericsoftware/minlog/minlog/1.2/minlog-1.2.jar:/home/patrick/.m2/repository/org/objenesis/objenesis/2.1/objenesis-2.1.jar:/home/patrick/.m2/repository/commons-collections/commons-collections/3.2.2/commons-collections-3.2.2.jar:/home/patrick/.m2/repository/org/apache/commons/commons-compress/1.26.0/commons-compress-1.26.0.jar:/home/patrick/.m2/repository/org/apache/flink/flink-file-sink-common/1.20.1/flink-file-sink-common-1.20.1.jar:/home/patrick/.m2/repository/org/apache/flink/flink-runtime/1.20.1/flink-runtime-1.20.1.jar:/home/patrick/.m2/repository/org/apache/flink/flink-rpc-core/1.20.1/flink-rpc-core-1.20.1.jar:/home/patrick/.m2/repository/org/apache/flink/flink-rpc-akka-loader/1.20.1/flink-rpc-akka-loader-1.20.1.jar:/home/patrick/.m2/repository/org/apache/flink/flink-queryable-state-client-java/1.20.1/flink-queryable-state-client-java-1.20.1.jar:/home/patrick/.m2/repository/org/apache/flink/flink-hadoop-fs/1.20.1/flink-hadoop-fs-1.20.1.jar:/home/patrick/.m2/repository/commons-io/commons-io/2.15.1/commons-io-2.15.1.jar:/home/patrick/.m2/repository/org/apache/flink/flink-shaded-netty/4.1.91.Final-17.0/flink-shaded-netty-4.1.91.Final-17.0.jar:/home/patrick/.m2/repository/org/apache/flink/flink-shaded-zookeeper-3/3.7.1-17.0/flink-shaded-zookeeper-3-3.7.1-17.0.jar:/home/patrick/.m2/repository/commons-cli/commons-cli/1.5.0/commons-cli-1.5.0.jar:/home/patrick/.m2/repository/org/javassist/javassist/3.24.0-GA/javassist-3.24.0-GA.jar:/home/patrick/.m2/repository/org/xerial/snappy/snappy-java/1.1.10.4/snappy-java-1.1.10.4.jar:/home/patrick/.m2/repository/tools/profiler/async-profiler/2.9/async-profiler-2.9.jar:/home/patrick/.m2/repository/org/lz4/lz4-java/1.8.0/lz4-java-1.8.0.jar:/home/patrick/.m2/repository/org/apache/flink/flink-java/1.20.1/flink-java-1.20.1.jar:/home/patrick/.m2/repository/com/twitter/chill-java/0.7.6/chill-java-0.7.6.jar:/home/patrick/.m2/repository/org/apache/flink/flink-shaded-guava/31.1-jre-17.0/flink-shaded-guava-31.1-jre-17.0.jar:/home/patrick/.m2/repository/org/apache/commons/commons-math3/3.6.1/commons-math3-3.6.1.jar:/home/patrick/.m2/repository/org/apache/flink/flink-connector-datagen/1.20.1/flink-connector-datagen-1.20.1.jar:/home/patrick/.m2/repository/org/slf4j/slf4j-api/1.7.36/slf4j-api-1.7.36.jar:/home/patrick/.m2/repository/com/google/code/findbugs/jsr305/1.3.9/jsr305-1.3.9.jar:/home/patrick/.m2/repository/org/apache/flink/flink-connector-files/1.20.1/flink-connector-files-1.20.1.jar:/home/patrick/.m2/repository/org/apache/flink/flink-table-api-java/1.20.1/flink-table-api-java-1.20.1.jar:/home/patrick/.m2/repository/org/apache/flink/flink-table-common/1.20.1/flink-table-common-1.20.1.jar:/home/patrick/.m2/repository/com/ibm/icu/icu4j/67.1/icu4j-67.1.jar:/home/patrick/.m2/repository/org/apache/flink/flink-table-api-bridge-base/1.20.1/flink-table-api-bridge-base-1.20.1.jar:/home/patrick/.m2/repository/org/apache/flink/flink-test-utils/1.20.1/flink-test-utils-1.20.1.jar:/home/patrick/.m2/repository/org/apache/flink/flink-test-utils-junit/1.20.1/flink-test-utils-junit-1.20.1.jar:/home/patrick/.m2/repository/org/junit/vintage/junit-vintage-engine/5.10.1/junit-vintage-engine-5.10.1.jar:/home/patrick/.m2/repository/junit/junit/4.13.2/junit-4.13.2.jar:/home/patrick/.m2/repository/org/hamcrest/hamcrest-core/1.3/hamcrest-core-1.3.jar:/home/patrick/.m2/repository/org/apache/logging/log4j/log4j-slf4j-impl/2.17.1/log4j-slf4j-impl-2.17.1.jar:/home/patrick/.m2/repository/org/apache/logging/log4j/log4j-api/2.17.1/log4j-api-2.17.1.jar:/home/patrick/.m2/repository/org/apache/logging/log4j/log4j-core/2.17.1/log4j-core-2.17.1.jar:/home/patrick/.m2/repository/org/testcontainers/testcontainers/1.19.1/testcontainers-1.19.1.jar:/home/patrick/.m2/repository/org/rnorth/duct-tape/duct-tape/1.0.8/duct-tape-1.0.8.jar:/home/patrick/.m2/repository/org/jetbrains/annotations/17.0.0/annotations-17.0.0.jar:/home/patrick/.m2/repository/com/github/docker-java/docker-java-api/3.3.3/docker-java-api-3.3.3.jar:/home/patrick/.m2/repository/com/fasterxml/jackson/core/jackson-annotations/2.10.3/jackson-annotations-2.10.3.jar:/home/patrick/.m2/repository/com/github/docker-java/docker-java-transport-zerodep/3.3.3/docker-java-transport-zerodep-3.3.3.jar:/home/patrick/.m2/repository/com/github/docker-java/docker-java-transport/3.3.3/docker-java-transport-3.3.3.jar:/home/patrick/.m2/repository/net/java/dev/jna/jna/5.12.1/jna-5.12.1.jar:/home/patrick/.m2/repository/org/apache/flink/flink-runtime/1.20.1/flink-runtime-1.20.1-tests.jar:/home/patrick/.m2/repository/org/apache/flink/flink-core/1.20.1/flink-core-1.20.1-tests.jar:/home/patrick/.m2/repository/org/apache/flink/flink-rpc-akka-loader/1.20.1/flink-rpc-akka-loader-1.20.1-tests.jar:/home/patrick/.m2/repository/org/apache/flink/flink-clients/1.20.1/flink-clients-1.20.1.jar:/home/patrick/.m2/repository/org/apache/flink/flink-optimizer/1.20.1/flink-optimizer-1.20.1.jar:/home/patrick/.m2/repository/org/apache/flink/flink-datastream/1.20.1/flink-datastream-1.20.1.jar:/home/patrick/.m2/repository/org/apache/flink/flink-datastream-api/1.20.1/flink-datastream-api-1.20.1.jar:/home/patrick/.m2/repository/org/junit/jupiter/junit-jupiter/5.10.1/junit-jupiter-5.10.1.jar:/home/patrick/.m2/repository/org/junit/jupiter/junit-jupiter-params/5.10.1/junit-jupiter-params-5.10.1.jar:/home/patrick/.m2/repository/org/assertj/assertj-core/3.23.1/assertj-core-3.23.1.jar:/home/patrick/.m2/repository/net/bytebuddy/byte-buddy/1.12.10/byte-buddy-1.12.10.jar:/home/patrick/.m2/repository/org/apache/flink/flink-streaming-java/1.20.1/flink-streaming-java-1.20.1-tests.jar:/home/patrick/.m2/repository/org/apache/flink/flink-statebackend-rocksdb/1.20.1/flink-statebackend-rocksdb-1.20.1.jar:/home/patrick/.m2/repository/com/ververica/frocksdbjni/6.20.3-ververica-2.0/frocksdbjni-6.20.3-ververica-2.0.jar:/home/patrick/.m2/repository/org/apache/flink/flink-statebackend-changelog/1.20.1/flink-statebackend-changelog-1.20.1.jar:/home/patrick/.m2/repository/org/apache/flink/flink-statebackend-common/1.20.1/flink-statebackend-common-1.20.1.jar:/home/patrick/.m2/repository/org/apache/flink/flink-dstl-dfs/1.20.1/flink-dstl-dfs-1.20.1.jar:/home/patrick/.m2/repository/org/apache/curator/curator-test/5.4.0/curator-test-5.4.0.jar:/home/patrick/.m2/repository/org/apache/zookeeper/zookeeper/3.7.1/zookeeper-3.7.1.jar:/home/patrick/.m2/repository/org/apache/zookeeper/zookeeper-jute/3.7.1/zookeeper-jute-3.7.1.jar:/home/patrick/.m2/repository/org/apache/yetus/audience-annotations/0.12.0/audience-annotations-0.12.0.jar:/home/patrick/.m2/repository/io/netty/netty-handler/4.1.76.Final/netty-handler-4.1.76.Final.jar:/home/patrick/.m2/repository/io/netty/netty-common/4.1.76.Final/netty-common-4.1.76.Final.jar:/home/patrick/.m2/repository/io/netty/netty-resolver/4.1.76.Final/netty-resolver-4.1.76.Final.jar:/home/patrick/.m2/repository/io/netty/netty-buffer/4.1.76.Final/netty-buffer-4.1.76.Final.jar:/home/patrick/.m2/repository/io/netty/netty-transport/4.1.76.Final/netty-transport-4.1.76.Final.jar:/home/patrick/.m2/repository/io/netty/netty-codec/4.1.76.Final/netty-codec-4.1.76.Final.jar:/home/patrick/.m2/repository/io/netty/netty-transport-native-epoll/4.1.76.Final/netty-transport-native-epoll-4.1.76.Final.jar:/home/patrick/.m2/repository/io/netty/netty-transport-native-unix-common/4.1.76.Final/netty-transport-native-unix-common-4.1.76.Final.jar:/home/patrick/.m2/repository/io/netty/netty-transport-classes-epoll/4.1.76.Final/netty-transport-classes-epoll-4.1.76.Final.jar:/home/patrick/.m2/repository/io/dropwizard/metrics/metrics-core/3.2.5/metrics-core-3.2.5.jar:/home/patrick/.m2/repository/com/google/guava/guava/31.1-jre/guava-31.1-jre.jar:/home/patrick/.m2/repository/com/google/guava/failureaccess/1.0.1/failureaccess-1.0.1.jar:/home/patrick/.m2/repository/com/google/guava/listenablefuture/9999.0-empty-to-avoid-conflict-with-guava/listenablefuture-9999.0-empty-to-avoid-conflict-with-guava.jar:/home/patrick/.m2/repository/org/checkerframework/checker-qual/3.12.0/checker-qual-3.12.0.jar:/home/patrick/.m2/repository/com/google/errorprone/error_prone_annotations/2.11.0/error_prone_annotations-2.11.0.jar:/home/patrick/.m2/repository/com/google/j2objc/j2objc-annotations/1.3/j2objc-annotations-1.3.jar:/home/patrick/.m2/repository/org/apache/flink/flink-table-test-utils/1.20.1/flink-table-test-utils-1.20.1.jar:/home/patrick/.m2/repository/org/apache/flink/flink-table-api-java-bridge/1.20.1/flink-table-api-java-bridge-1.20.1.jar:/home/patrick/.m2/repository/org/apache/flink/flink-table-runtime/1.20.1/flink-table-runtime-1.20.1.jar:/home/patrick/.m2/repository/org/apache/flink/flink-cep/1.20.1/flink-cep-1.20.1.jar:/home/patrick/.m2/repository/org/apache/flink/flink-table-planner-loader/1.20.1/flink-table-planner-loader-1.20.1.jar:/home/patrick/.m2/repository/org/junit/jupiter/junit-jupiter-api/5.9.2/junit-jupiter-api-5.9.2.jar:/home/patrick/.m2/repository/org/opentest4j/opentest4j/1.2.0/opentest4j-1.2.0.jar:/home/patrick/.m2/repository/org/junit/platform/junit-platform-commons/1.9.2/junit-platform-commons-1.9.2.jar:/home/patrick/.m2/repository/org/apiguardian/apiguardian-api/1.1.2/apiguardian-api-1.1.2.jar:/home/patrick/.m2/repository/org/junit/jupiter/junit-jupiter-engine/5.9.2/junit-jupiter-engine-5.9.2.jar:/home/patrick/.m2/repository/org/junit/platform/junit-platform-engine/1.9.2/junit-platform-engine-1.9.2.jar:/home/patrick/.m2/repository/io/github/cdimascio/dotenv-java/3.2.0/dotenv-java-3.2.0.jar:"/>
    <property name="sun.cpu.endian" value="little"/>
    <property name="user.home" value="/home/patrick"/>
    <property name="user.language" value="en"/>
    <property name="java.specification.vendor" value="Oracle Corporation"/>
    <property name="java.version.date" value="2025-01-21"/>
    <property name="java.home" value="/usr/lib/jvm/java-17-openjdk-amd64"/>
    <property name="file.separator" value="/"/>
    <property name="basedir" value="/home/patrick/Documents/projects/flink/flink-example"/>
    <property name="java.vm.compressedOopsMode" value="Zero based"/>
    <property name="line.separator" value="&#10;"/>
    <property name="java.vm.specification.vendor" value="Oracle Corporation"/>
    <property name="java.specification.name" value="Java Platform API Specification"/>
    <property name="surefire.real.class.path" value="/home/patrick/Documents/projects/flink/flink-example/target/surefire/surefirebooter-20250317172332237_3.jar"/>
    <property name="sun.management.compiler" value="HotSpot 64-Bit Tiered Compilers"/>
    <property name="java.runtime.version" value="17.0.14+7-Debian-1deb12u1"/>
    <property name="user.name" value="patrick"/>
    <property name="path.separator" value=":"/>
    <property name="os.version" value="6.1.0-32-amd64"/>
    <property name="java.runtime.name" value="OpenJDK Runtime Environment"/>
    <property name="file.encoding" value="UTF-8"/>
    <property name="java.vm.name" value="OpenJDK 64-Bit Server VM"/>
    <property name="localRepository" value="/home/patrick/.m2/repository"/>
    <property name="java.vendor.url.bug" value="https://bugs.debian.org/openjdk-17"/>
    <property name="java.io.tmpdir" value="/tmp"/>
    <property name="java.version" value="17.0.14"/>
    <property name="user.dir" value="/home/patrick/Documents/projects/flink/flink-example"/>
    <property name="os.arch" value="amd64"/>
    <property name="java.vm.specification.name" value="Java Virtual Machine Specification"/>
    <property name="native.encoding" value="UTF-8"/>
    <property name="java.library.path" value="/usr/java/packages/lib:/usr/lib/x86_64-linux-gnu/jni:/lib/x86_64-linux-gnu:/usr/lib/x86_64-linux-gnu:/usr/lib/jni:/lib:/usr/lib"/>
    <property name="java.vm.info" value="mixed mode, sharing"/>
    <property name="java.vendor" value="Debian"/>
    <property name="java.vm.version" value="17.0.14+7-Debian-1deb12u1"/>
    <property name="java.specification.maintenance.version" value="1"/>
    <property name="sun.io.unicode.encoding" value="UnicodeLittle"/>
    <property name="java.class.version" value="61.0"/>
  </properties>
  <testcase name="testJavaProgram" classname="com.example.SocketToCsvTest" time="1.714">
    <failure message="expected: &lt;true&gt; but was: &lt;false&gt;" type="org.opentest4j.AssertionFailedError"><![CDATA[org.opentest4j.AssertionFailedError: expected: <true> but was: <false>
	at org.junit.jupiter.api.AssertionFailureBuilder.build(AssertionFailureBuilder.java:151)
	at org.junit.jupiter.api.AssertionFailureBuilder.buildAndThrow(AssertionFailureBuilder.java:132)
	at org.junit.jupiter.api.AssertTrue.failNotTrue(AssertTrue.java:63)
	at org.junit.jupiter.api.AssertTrue.assertTrue(AssertTrue.java:36)
	at org.junit.jupiter.api.AssertTrue.assertTrue(AssertTrue.java:31)
	at org.junit.jupiter.api.Assertions.assertTrue(Assertions.java:180)
	at com.example.SocketToCsvTest.testJavaProgram(SocketToCsvTest.java:75)
	at java.base/jdk.internal.reflect.NativeMethodAccessorImpl.invoke0(Native Method)
	at java.base/jdk.internal.reflect.NativeMethodAccessorImpl.invoke(NativeMethodAccessorImpl.java:77)
	at java.base/jdk.internal.reflect.DelegatingMethodAccessorImpl.invoke(DelegatingMethodAccessorImpl.java:43)
	at java.base/java.lang.reflect.Method.invoke(Method.java:569)
	at org.junit.runners.model.FrameworkMethod$1.runReflectiveCall(FrameworkMethod.java:59)
	at org.junit.internal.runners.model.ReflectiveCallable.run(ReflectiveCallable.java:12)
	at org.junit.runners.model.FrameworkMethod.invokeExplosively(FrameworkMethod.java:56)
	at org.junit.internal.runners.statements.InvokeMethod.evaluate(InvokeMethod.java:17)
	at org.junit.runners.ParentRunner$3.evaluate(ParentRunner.java:306)
	at org.junit.runners.BlockJUnit4ClassRunner$1.evaluate(BlockJUnit4ClassRunner.java:100)
	at org.junit.runners.ParentRunner.runLeaf(ParentRunner.java:366)
	at org.junit.runners.BlockJUnit4ClassRunner.runChild(BlockJUnit4ClassRunner.java:103)
	at org.junit.runners.BlockJUnit4ClassRunner.runChild(BlockJUnit4ClassRunner.java:63)
	at org.junit.runners.ParentRunner$4.run(ParentRunner.java:331)
	at org.junit.runners.ParentRunner$1.schedule(ParentRunner.java:79)
	at org.junit.runners.ParentRunner.runChildren(ParentRunner.java:329)
	at org.junit.runners.ParentRunner.access$100(ParentRunner.java:66)
	at org.junit.runners.ParentRunner$2.evaluate(ParentRunner.java:293)
	at org.junit.runners.ParentRunner$3.evaluate(ParentRunner.java:306)
	at org.junit.runners.ParentRunner.run(ParentRunner.java:413)
	at org.junit.runner.JUnitCore.run(JUnitCore.java:137)
	at org.junit.runner.JUnitCore.run(JUnitCore.java:115)
	at org.junit.vintage.engine.execution.RunnerExecutor.execute(RunnerExecutor.java:42)
	at org.junit.vintage.engine.VintageTestEngine.executeAllChildren(VintageTestEngine.java:80)
	at org.junit.vintage.engine.VintageTestEngine.execute(VintageTestEngine.java:72)
	at org.junit.platform.launcher.core.EngineExecutionOrchestrator.execute(EngineExecutionOrchestrator.java:147)
	at org.junit.platform.launcher.core.EngineExecutionOrchestrator.execute(EngineExecutionOrchestrator.java:127)
	at org.junit.platform.launcher.core.EngineExecutionOrchestrator.execute(EngineExecutionOrchestrator.java:90)
	at org.junit.platform.launcher.core.EngineExecutionOrchestrator.lambda$execute$0(EngineExecutionOrchestrator.java:55)
	at org.junit.platform.launcher.core.EngineExecutionOrchestrator.withInterceptedStreams(EngineExecutionOrchestrator.java:102)
	at org.junit.platform.launcher.core.EngineExecutionOrchestrator.execute(EngineExecutionOrchestrator.java:54)
	at org.junit.platform.launcher.core.DefaultLauncher.execute(DefaultLauncher.java:114)
	at org.junit.platform.launcher.core.DefaultLauncher.execute(DefaultLauncher.java:86)
	at org.junit.platform.launcher.core.DefaultLauncherSession$DelegatingLauncher.execute(DefaultLauncherSession.java:86)
	at org.apache.maven.surefire.junitplatform.LazyLauncher.execute(LazyLauncher.java:55)
	at org.apache.maven.surefire.junitplatform.JUnitPlatformProvider.execute(JUnitPlatformProvider.java:223)
	at org.apache.maven.surefire.junitplatform.JUnitPlatformProvider.invokeAllTests(JUnitPlatformProvider.java:175)
	at org.apache.maven.surefire.junitplatform.JUnitPlatformProvider.invoke(JUnitPlatformProvider.java:139)
	at org.apache.maven.surefire.booter.ForkedBooter.runSuitesInProcess(ForkedBooter.java:456)
	at org.apache.maven.surefire.booter.ForkedBooter.execute(ForkedBooter.java:169)
	at org.apache.maven.surefire.booter.ForkedBooter.run(ForkedBooter.java:595)
	at org.apache.maven.surefire.booter.ForkedBooter.main(ForkedBooter.java:581)
]]></failure>
    <system-out><![CDATA[RUNNING...
Server listening on port 35199
Client connected! Sending data...
8> patrick
]]></system-out>
  </testcase>
</testsuite>